<?xml version="1.0" encoding="UTF-8"?>
<testng-results ignored="0" total="1" passed="1" failed="0" skipped="0">
  <reporter-output>
  </reporter-output>
  <suite started-at="2024-07-21T19:13:38 IST" name="Default suite" finished-at="2024-07-21T19:14:19 IST" duration-ms="41324">
    <groups>
    </groups>
    <test started-at="2024-07-21T19:13:38 IST" name="Default test" finished-at="2024-07-21T19:14:19 IST" duration-ms="41324">
      <class name="TraditionalWay.ViewExchangeRate">
        <test-method is-config="true" signature="init()[pri:0, instance:TraditionalWay.ViewExchangeRate@fa49800]" started-at="2024-07-21T19:13:38 IST" name="init" finished-at="2024-07-21T19:13:42 IST" duration-ms="4463" status="PASS">
          <reporter-output>
          </reporter-output>
        </test-method> <!-- init -->
        <test-method signature="testLogin()[pri:0, instance:TraditionalWay.ViewExchangeRate@fa49800]" started-at="2024-07-21T19:13:42 IST" name="testLogin" finished-at="2024-07-21T19:14:19 IST" duration-ms="36835" status="PASS">
          <reporter-output>
          </reporter-output>
        </test-method> <!-- testLogin -->
      </class> <!-- TraditionalWay.ViewExchangeRate -->
    </test> <!-- Default test -->
  </suite> <!-- Default suite -->
</testng-results>
